<?xml version="1.0" encoding="UTF-8"?>
<!-- Generated by org.testng.reporters.JUnitReportReporter -->
<testsuite skipped="1" hostname="ASDW0135" name="com.practise.googleSheetRead.action.tests.TestGoogleSheet" tests="1" failures="0" timestamp="11 Sep 2018 13:18:03 GMT" time="0.000" errors="0">
  <testcase name="gettingGoogleSheetData" time="0.000" classname="com.practise.googleSheetRead.action.tests.TestGoogleSheet">
    <skipped/>
  </testcase> <!-- gettingGoogleSheetData -->
</testsuite> <!-- com.practise.googleSheetRead.action.tests.TestGoogleSheet -->
